#
# There is insufficient memory for the Java Runtime Environment to continue.
# Native memory allocation (mmap) failed to map 264241152 bytes for Failed to commit area from 0x0000000704e00000 to 0x0000000714a00000 of length 264241152.
# Possible reasons:
#   The system is out of physical RAM or swap space
#   The process is running with CompressedOops enabled, and the Java Heap may be blocking the growth of the native heap
# Possible solutions:
#   Reduce memory load on the system
#   Increase physical memory or swap space
#   Check if swap backing store is full
#   Decrease Java heap size (-Xmx/-Xms)
#   Decrease number of Java threads
#   Decrease Java thread stack sizes (-Xss)
#   Set larger code cache with -XX:ReservedCodeCacheSize=
# This output file may be truncated or incomplete.
#
#  Out of Memory Error (src/hotspot/os/windows/os_windows.cpp:3627), pid=32312, tid=20780
#
# JRE version:  (11.0.15) (build )
# Java VM: OpenJDK 64-Bit Server VM (11.0.15+0-b2043.56-9505619, mixed mode, sharing, tiered, compressed oops, g1 gc, windows-amd64)
# No core dump will be written. Minidumps are not enabled by default on client versions of Windows
#

---------------  S U M M A R Y ------------

Command Line: org.jetbrains.kotlin.cli.jvm.K2JVMCompiler @C:\Users\AlejandroR\AndroidStudioProjects\MyApplication3\app\build\20230327_14799266388502330356.compiler.options

Host: Intel(R) Core(TM) i5-10500 CPU @ 3.10GHz, 12 cores, 15G,  Windows 10 , 64 bit Build 19041 (10.0.19041.2546)
Time: Mon Mar 27 12:28:23 2023 Hora de verano romance elapsed time: 0.007243 seconds (0d 0h 0m 0s)

---------------  T H R E A D  ---------------

Current thread (0x0000021ae8733800):  JavaThread "Unknown thread" [_thread_in_vm, id=20780, stack(0x000000d9dff00000,0x000000d9e0000000)]

Stack: [0x000000d9dff00000,0x000000d9e0000000]
Native frames: (J=compiled Java code, j=interpreted, Vv=VM code, C=native code)
V  [jvm.dll+0x64135a]
V  [jvm.dll+0x7d39f9]
V  [jvm.dll+0x7d51b9]
V  [jvm.dll+0x7d58a3]
V  [jvm.dll+0x2691c5]
V  [jvm.dll+0x63e4e9]
V  [jvm.dll+0x632985]
V  [jvm.dll+0x3231ac]
V  [jvm.dll+0x323032]
V  [jvm.dll+0x327c06]
V  [jvm.dll+0x36ffa2]
V  [jvm.dll+0x36fa01]
V  [jvm.dll+0x2fea28]
V  [jvm.dll+0x2ffb25]
V  [jvm.dll+0x7accd7]
V  [jvm.dll+0x7ae49f]
V  [jvm.dll+0x37d299]
V  [jvm.dll+0x78ef9f]
V  [jvm.dll+0x3ec847]
V  [jvm.dll+0x3eed31]
C  [jli.dll+0x52cb]
C  [ucrtbase.dll+0x21bb2]
C  [KERNEL32.DLL+0x17614]
C  [ntdll.dll+0x526a1]


---------------  P R O C E S S  ---------------

Threads class SMR info:
_java_thread_list=0x0000021ae6545ba0, length=0, elements={
}

Java Threads: ( => current thread )

Other Threads:
  0x0000021ae874a000 GCTaskThread "GC Thread#0" [stack: 0x000000d9e0000000,0x000000d9e0100000] [id=32944]
  0x0000021ae87a4800 ConcurrentGCThread "G1 Main Marker" [stack: 0x000000d9e0100000,0x000000d9e0200000] [id=2928]
  0x0000021ae87a7000 ConcurrentGCThread "G1 Conc#0" [stack: 0x000000d9e0200000,0x000000d9e0300000] [id=28036]

[error occurred during error reporting (printing all threads), id 0xc0000005, EXCEPTION_ACCESS_VIOLATION (0xc0000005) at pc=0x00007ffdae66f3e7]

VM state:not at safepoint (not fully initialized)

VM Mutex/Monitor currently owned by a thread:  ([mutex/lock_event])
[0x0000021ae8730b50] Heap_lock - owner thread: 0x0000021ae8733800

Heap address: 0x0000000704e00000, size: 4018 MB, Compressed Oops mode: Non-zero based: 0x0000000704e00000
Narrow klass base: 0x0000000000000000, Narrow klass shift: 0

GC Heap History (0 events):
No events

Deoptimization events (0 events):
No events

Classes redefined (0 events):
No events

Internal exceptions (0 events):
No events

Events (1 events):
Event: 0.005 Loaded shared library C:\Program Files\Android\Android Studio\jbr\bin\zip.dll


Dynamic libraries:
0x00007ff622670000 - 0x00007ff62267a000 	C:\Program Files\Android\Android Studio\jbr\bin\java.exe
0x00007ffe1bfb0000 - 0x00007ffe1c1a8000 	C:\Windows\SYSTEM32\ntdll.dll
0x00007ffe1bb60000 - 0x00007ffe1bc1f000 	C:\Windows\System32\KERNEL32.DLL
0x00007ffe19a90000 - 0x00007ffe19d62000 	C:\Windows\System32\KERNELBASE.dll
0x00007ffe19960000 - 0x00007ffe19a60000 	C:\Windows\System32\ucrtbase.dll
0x00007ffdd3b10000 - 0x00007ffdd3b27000 	C:\Program Files\Android\Android Studio\jbr\bin\jli.dll
0x00007ffdd3800000 - 0x00007ffdd381b000 	C:\Program Files\Android\Android Studio\jbr\bin\VCRUNTIME140.dll
0x00007ffe1a670000 - 0x00007ffe1a811000 	C:\Windows\System32\USER32.dll
0x00007ffdfb150000 - 0x00007ffdfb3ea000 	C:\Windows\WinSxS\amd64_microsoft.windows.common-controls_6595b64144ccf1df_6.0.19041.1110_none_60b5254171f9507e\COMCTL32.dll
0x00007ffe19a60000 - 0x00007ffe19a82000 	C:\Windows\System32\win32u.dll
0x00007ffe1aa60000 - 0x00007ffe1aa8b000 	C:\Windows\System32\GDI32.dll
0x00007ffe1a820000 - 0x00007ffe1a8be000 	C:\Windows\System32\msvcrt.dll
0x00007ffe19e50000 - 0x00007ffe19f5f000 	C:\Windows\System32\gdi32full.dll
0x00007ffe196a0000 - 0x00007ffe1973d000 	C:\Windows\System32\msvcp_win.dll
0x00007ffe1b900000 - 0x00007ffe1b932000 	C:\Windows\System32\IMM32.DLL
0x00007ffdd8cc0000 - 0x00007ffdd8ccc000 	C:\Program Files\Android\Android Studio\jbr\bin\vcruntime140_1.dll
0x00007ffda2fa0000 - 0x00007ffda302d000 	C:\Program Files\Android\Android Studio\jbr\bin\msvcp140.dll
0x00007ffdae360000 - 0x00007ffdaef1c000 	C:\Program Files\Android\Android Studio\jbr\bin\server\jvm.dll
0x00007ffe1be60000 - 0x00007ffe1bf0e000 	C:\Windows\System32\ADVAPI32.dll
0x00007ffe19ff0000 - 0x00007ffe1a08c000 	C:\Windows\System32\sechost.dll
0x00007ffe1bcd0000 - 0x00007ffe1bdf5000 	C:\Windows\System32\RPCRT4.dll
0x00007ffe1bb50000 - 0x00007ffe1bb58000 	C:\Windows\System32\PSAPI.DLL
0x00007ffdf0df0000 - 0x00007ffdf0e17000 	C:\Windows\SYSTEM32\WINMM.dll
0x00007ffdf69d0000 - 0x00007ffdf69d9000 	C:\Windows\SYSTEM32\WSOCK32.dll
0x00007ffe11730000 - 0x00007ffe1173a000 	C:\Windows\SYSTEM32\VERSION.dll
0x00007ffe1b880000 - 0x00007ffe1b8eb000 	C:\Windows\System32\WS2_32.dll
0x00007ffe17ef0000 - 0x00007ffe17f02000 	C:\Windows\SYSTEM32\kernel.appcore.dll
0x00007ffdf5b70000 - 0x00007ffdf5b80000 	C:\Program Files\Android\Android Studio\jbr\bin\verify.dll
0x00007ffe07310000 - 0x00007ffe074f4000 	C:\Windows\SYSTEM32\DBGHELP.DLL
0x00007ffe01860000 - 0x00007ffe01895000 	C:\Windows\SYSTEM32\dbgcore.DLL
0x00007ffe19f60000 - 0x00007ffe19fe2000 	C:\Windows\System32\bcryptPrimitives.dll
0x00007ffde3ad0000 - 0x00007ffde3af8000 	C:\Program Files\Android\Android Studio\jbr\bin\java.dll
0x00007ffdf2ad0000 - 0x00007ffdf2ada000 	C:\Program Files\Android\Android Studio\jbr\bin\jimage.dll
0x00007ffddbe20000 - 0x00007ffddbe38000 	C:\Program Files\Android\Android Studio\jbr\bin\zip.dll

dbghelp: loaded successfully - version: 4.0.5 - missing functions: none
symbol engine: initialized successfully - sym options: 0x614 - pdb path: .;C:\Program Files\Android\Android Studio\jbr\bin;C:\Windows\SYSTEM32;C:\Windows\WinSxS\amd64_microsoft.windows.common-controls_6595b64144ccf1df_6.0.19041.1110_none_60b5254171f9507e;C:\Program Files\Android\Android Studio\jbr\bin\server

VM Arguments:
java_command: org.jetbrains.kotlin.cli.jvm.K2JVMCompiler @C:\Users\AlejandroR\AndroidStudioProjects\MyApplication3\app\build\20230327_14799266388502330356.compiler.options
java_class_path (initial): C:\Users\AlejandroR\.gradle\caches\modules-2\files-2.1\org.jetbrains.kotlin\kotlin-compiler-embeddable\1.8.0\eb9118d4bcceaa2a94b2ae2a33a4ddba7c9a947f\kotlin-compiler-embeddable-1.8.0.jar;C:\Users\AlejandroR\.gradle\caches\modules-2\files-2.1\org.jetbrains.kotlin\kotlin-stdlib\1.8.0\1796921c7a3e2e2665a83e6c8d33399336cd39bc\kotlin-stdlib-1.8.0.jar;C:\Users\AlejandroR\.gradle\caches\modules-2\files-2.1\org.jetbrains.kotlin\kotlin-script-runtime\1.8.0\b2f7e760d283cb339974851c222a4c1d48f2d3d\kotlin-script-runtime-1.8.0.jar;C:\Users\AlejandroR\.gradle\caches\modules-2\files-2.1\org.jetbrains.kotlin\kotlin-reflect\1.6.10\1cbe9c92c12a94eea200d23c2bbaedaf3daf5132\kotlin-reflect-1.6.10.jar;C:\Users\AlejandroR\.gradle\caches\modules-2\files-2.1\org.jetbrains.kotlin\kotlin-daemon-embeddable\1.8.0\d255216c551685dc3a7e852b53617f5f01aaaa5c\kotlin-daemon-embeddable-1.8.0.jar;C:\Users\AlejandroR\.gradle\caches\modules-2\files-2.1\org.jetbrains.intellij.deps\trove4j\1.0.20200330\3afb14d5f9ceb459d724e907a21145e8ff394f02\trove4j-1.0.20200330.jar;C:\Users\AlejandroR\.gradle\caches\modules-2\files-2.1\net.java.dev.jna\jna\5.6.0\330f2244e9030119ab3030fc3fededc86713d9cc\jna-5.6.0.jar;C:\Users\AlejandroR\.gradle\caches\modules-2\files-2.1\org.jetbrains.kotlin\kotlin-stdlib-common\1.8.0\f7197e7cc76453ac59f8b0f8d5137cc600becd36\kotlin-stdlib-common-1.8.0.jar;C:\Users\AlejandroR\.gradle\caches\modules-2\files-2.1\org.jetbrains\annotations\13.0\919f0dfe192fb4e063e7dacadee7f8bb9a2672a9\annotations-13.0.jar
Launcher Type: SUN_STANDARD

[Global flags]
     intx CICompilerCount                          = 4                                         {product} {ergonomic}
     uint ConcGCThreads                            = 3                                         {product} {ergonomic}
     uint G1ConcRefinementThreads                  = 10                                        {product} {ergonomic}
   size_t G1HeapRegionSize                         = 1048576                                   {product} {ergonomic}
    uintx GCDrainStackTargetSize                   = 64                                        {product} {ergonomic}
   size_t InitialHeapSize                          = 264241152                                 {product} {ergonomic}
   size_t MarkStackSize                            = 4194304                                   {product} {ergonomic}
   size_t MaxHeapSize                              = 4213178368                                {product} {ergonomic}
   size_t MinHeapDeltaBytes                        = 1048576                                   {product} {ergonomic}
    uintx NonNMethodCodeHeapSize                   = 5836300                                {pd product} {ergonomic}
    uintx NonProfiledCodeHeapSize                  = 122910970                              {pd product} {ergonomic}
    uintx ProfiledCodeHeapSize                     = 122910970                              {pd product} {ergonomic}
    uintx ReservedCodeCacheSize                    = 251658240                              {pd product} {ergonomic}
     bool SegmentedCodeCache                       = true                                      {product} {ergonomic}
     bool UseCompressedClassPointers               = true                                 {lp64_product} {ergonomic}
     bool UseCompressedOops                        = true                                 {lp64_product} {ergonomic}
     bool UseG1GC                                  = true                                      {product} {ergonomic}
     bool UseLargePagesIndividualAllocation        = false                                  {pd product} {ergonomic}

Logging:
Log output configuration:
 #0: stdout all=warning uptime,level,tags
 #1: stderr all=off uptime,level,tags

Environment Variables:
PATH=C:\Program Files\Common Files\Oracle\Java\javapath;C:\Program Files (x86)\Common Files\Intel\Shared Libraries\redist\intel64_win\compiler;C:\Program Files (x86)\Common Files\Oracle\Java\javapath;C:\Users\Manuel Rondon\AppData\Roaming\npm;C:\Program Files\Python39\Scripts\;C:\Program Files\Python39\;C:\Windows\system32;C:\Windows;C:\Windows\System32\Wbem;C:\Windows\System32\WindowsPowerShell\v1.0\;C:\Windows\System32\OpenSSH\;C:\Program Files\Git\cmd;C:\ProgramData\chocolatey\bin;C:\Program Files\dotnet\;C:\Program Files\nodejs\;C:\Program Files\MySQL\MySQL Shell 8.0\bin\;C:\Users\AlejandroR\AppData\Local\Microsoft\WindowsApps;C:\Users\AlejandroR\AppData\Local\Programs\Microsoft VS Code\bin;C:\Users\AlejandroR\AppData\Roaming\npm;C:\Users\AlejandroR\AppData\Local\GitHubDesktop\bin
USERNAME=AlejandroR
OS=Windows_NT
PROCESSOR_IDENTIFIER=Intel64 Family 6 Model 165 Stepping 3, GenuineIntel



---------------  S Y S T E M  ---------------

OS: Windows 10 , 64 bit Build 19041 (10.0.19041.2546)
OS uptime: 2 days 21:06 hours

CPU:total 12 (initial active 12) (6 cores per cpu, 2 threads per core) family 6 model 165 stepping 3 microcode 0xf0, cmov, cx8, fxsr, mmx, sse, sse2, sse3, ssse3, sse4.1, sse4.2, popcnt, avx, avx2, aes, clmul, erms, 3dnowpref, lzcnt, ht, tsc, tscinvbit, bmi1, bmi2, adx, fma

Memory: 4k page, system-wide physical 16069M (947M free)
TotalPageFile size 20165M (AvailPageFile size 164M)
current process WorkingSet (physical memory assigned to process): 10M, peak: 10M
current process commit charge ("private bytes"): 64M, peak: 316M

vm_info: OpenJDK 64-Bit Server VM (11.0.15+0-b2043.56-9505619) for windows-amd64 JRE (11.0.15+0-b2043.56-9505619), built on Jan 19 2023 02:48:00 by "builduser" with unknown MS VC++:1929

END.
